<?xml version="1.0" encoding="UTF-8"?>
<robot generator="Robot 4.1.3 (Python 3.7.5 on win32)" generated="20220325 12:12:38.748" rpa="true" schemaversion="2">
<suite id="s1" name="Tasks" source="c:\Users\clemens.wodtke\reps\robobro\tasks.robot">
<test id="s1-t1" name="Insert the sales data for the week and export it as a PDF">
<kw name="Open the intranet website">
<kw name="Open Available Browser" library="RPA.Browser.Selenium">
<arg>https://robotsparebinindustries.com/</arg>
<doc>Attempts to open a browser on the user's device from a set of
supported browsers. Automatically downloads a corresponding webdriver
if none is already installed.</doc>
<msg timestamp="20220325 12:12:40.202" level="INFO">Creating an instance of the Chrome WebDriver.</msg>
<msg timestamp="20220325 12:12:40.269" level="INFO">Created download root directory: C:\Users\clemens.wodtke\AppData\Local\robocorp\webdrivers</msg>
<msg timestamp="20220325 12:12:40.270" level="INFO">Created symlink directory: C:\Users\clemens.wodtke\AppData\Local\robocorp\webdrivers</msg>
<msg timestamp="20220325 12:12:40.271" level="INFO">Creating an instance of the Chrome WebDriver.</msg>
<msg timestamp="20220325 12:12:43.042" level="INFO">Created Chrome browser with arguments: --disable-dev-shm-usage --disable-web-security --allow-running-insecure-content --no-sandbox</msg>
<msg timestamp="20220325 12:12:43.042" level="INFO" html="true">&lt;p&gt;Attempted combinations:&lt;/p&gt;&lt;div class="doc"&gt;&lt;table&gt;&lt;tr&gt;&lt;th&gt;Browser&lt;/th&gt;&lt;th&gt;Download&lt;/th&gt;&lt;th&gt;Error&lt;/th&gt;&lt;/tr&gt;&lt;tr&gt;&lt;td&gt;Chrome&lt;/td&gt;&lt;td&gt;False&lt;/td&gt;&lt;td&gt;Message: 'chromedriver' executable needs to be in PATH. Please see https://sites.google.com/a/chromium.org/chromedriver/home
&lt;/td&gt;&lt;/tr&gt;&lt;tr&gt;&lt;td&gt;Chrome&lt;/td&gt;&lt;td&gt;True&lt;/td&gt;&lt;td&gt;&lt;/td&gt;&lt;/tr&gt;&lt;/table&gt;&lt;/div&gt;</msg>
<msg timestamp="20220325 12:12:43.043" level="INFO">Opening url 'https://robotsparebinindustries.com/'</msg>
<status status="PASS" starttime="20220325 12:12:40.202" endtime="20220325 12:12:44.045"/>
</kw>
<status status="PASS" starttime="20220325 12:12:40.202" endtime="20220325 12:12:44.050"/>
</kw>
<kw name="Log in">
<kw name="Input Text" library="RPA.Browser.Selenium">
<arg>username</arg>
<arg>maria</arg>
<doc>Types the given ``text`` into the text field identified by ``locator``.</doc>
<msg timestamp="20220325 12:12:44.057" level="INFO">Typing text 'maria' into text field 'username'.</msg>
<status status="PASS" starttime="20220325 12:12:44.054" endtime="20220325 12:12:44.182"/>
</kw>
<kw name="Input Password" library="RPA.Browser.Selenium">
<arg>password</arg>
<arg>thoushallnotpass</arg>
<doc>Types the given password into the text field identified by ``locator``.</doc>
<msg timestamp="20220325 12:12:44.182" level="INFO">Typing password into text field 'password'.</msg>
<msg timestamp="20220325 12:12:44.265" level="INFO">Temporally setting log level to: NONE</msg>
<msg timestamp="20220325 12:12:44.362" level="INFO">Log level changed from NONE to INFO.</msg>
<status status="PASS" starttime="20220325 12:12:44.182" endtime="20220325 12:12:44.362"/>
</kw>
<kw name="Submit Form" library="RPA.Browser.Selenium">
<doc>Submits a form identified by ``locator``.</doc>
<msg timestamp="20220325 12:12:44.363" level="INFO">Submitting form 'None'.</msg>
<status status="PASS" starttime="20220325 12:12:44.363" endtime="20220325 12:12:44.432"/>
</kw>
<status status="PASS" starttime="20220325 12:12:44.051" endtime="20220325 12:12:44.433"/>
</kw>
<status status="PASS" starttime="20220325 12:12:40.199" endtime="20220325 12:12:44.436"/>
</test>
<doc>Insert the sales data for the week and export it as a PDF</doc>
<status status="PASS" starttime="20220325 12:12:38.765" endtime="20220325 12:12:44.440"/>
</suite>
<statistics>
<total>
<stat pass="1" fail="0" skip="0">All Tasks</stat>
</total>
<tag>
</tag>
<suite>
<stat pass="1" fail="0" skip="0" id="s1" name="Tasks">Tasks</stat>
</suite>
</statistics>
<errors>
</errors>
</robot>
